{"message":"Test error log","level":"info"}
{"message":"test","level":"info"}
{"message":"Checking Preqreqs","level":"info"}
{"message":"Test error log","level":"info"}
{"message":"test","level":"info"}
{"message":"Checking Preqreqs","level":"info"}
{"message":"Speed 0 images/sec","level":"info"}
{"message":"Speed 0.20085859513204457 images/sec","level":"info"}
{"message":"Speed 0.39175695478756806 images/sec","level":"info"}
{"message":"Speed 0.5857510894063813 images/sec","level":"info"}
{"message":"Speed 0.7666250443186896 images/sec","level":"info"}
{"message":"Speed 0.9546707405170793 images/sec","level":"info"}
{"message":"Speed 1.1356079381033668 images/sec","level":"info"}
{"message":"Speed 1.2922128085803124 images/sec","level":"info"}
{"message":"Speed 1.4767464790367035 images/sec","level":"info"}
{"message":"Speed 1.6612137653983898 images/sec","level":"info"}
{"message":"Speed 1.8388428555716474 images/sec","level":"info"}
{"message":"Speed 1.9484782875236701 images/sec","level":"info"}
{"message":"Speed 2.125469945478763 images/sec","level":"info"}
{"message":"Speed 2.302496024853967 images/sec","level":"info"}
{"message":"Speed 2.479529156059323 images/sec","level":"info"}
{"message":"Speed 2.6565606871245224 images/sec","level":"info"}
{"message":"Speed 2.8335692048288204 images/sec","level":"info"}
{"message":"Speed 3.010492680697434 images/sec","level":"info"}
{"message":"Speed 3.187408396704863 images/sec","level":"info"}
{"message":"Speed 3.364216405539117 images/sec","level":"info"}
{"message":"Speed 3.5410506610304746 images/sec","level":"info"}
{"message":"Speed 3.7175995229176917 images/sec","level":"info"}
{"message":"Speed 3.893985154644982 images/sec","level":"info"}
{"message":"Speed 4.033858717901106 images/sec","level":"info"}
{"message":"Speed 4.199546082402728 images/sec","level":"info"}
{"message":"Speed 4.332688255900897 images/sec","level":"info"}
{"message":"Speed 4.504656588953362 images/sec","level":"info"}
{"message":"Speed 4.649250391828362 images/sec","level":"info"}
{"message":"Speed 4.815259174128815 images/sec","level":"info"}
{"message":"Speed 4.926029193088079 images/sec","level":"info"}
{"message":"Speed 5.058086259208044 images/sec","level":"info"}
{"message":"Speed 5.226290844968673 images/sec","level":"info"}
{"message":"Speed 5.245741530713168 images/sec","level":"info"}
{"message":"Speed 5.326180725828107 images/sec","level":"info"}
{"message":"Speed 5.479075782245332 images/sec","level":"info"}
{"message":"Speed 5.638736486685443 images/sec","level":"info"}
{"message":"Speed 5.7996081949670115 images/sec","level":"info"}
{"message":"Speed 5.960544531815552 images/sec","level":"info"}
{"message":"Speed 6.121377202385597 images/sec","level":"info"}
{"message":"Speed 6.282190692123346 images/sec","level":"info"}
{"message":"Speed 6.4430466368235075 images/sec","level":"info"}
{"message":"Speed 6.602952778318079 images/sec","level":"info"}
{"message":"Speed 6.763666832602711 images/sec","level":"info"}
{"message":"Speed 6.924347577894674 images/sec","level":"info"}
{"message":"Speed 7.085151036413373 images/sec","level":"info"}
{"message":"Speed 7.245828658238807 images/sec","level":"info"}
{"message":"Speed 7.406521607698629 images/sec","level":"info"}
{"message":"Speed 7.56723444859496 images/sec","level":"info"}
{"message":"Speed 7.70941950625345 images/sec","level":"info"}
{"message":"Speed 7.7086620132780945 images/sec","level":"info"}
{"message":"Speed 7.796944024591137 images/sec","level":"info"}
{"message":"Speed 7.948347252068376 images/sec","level":"info"}
{"message":"Speed 7.721293830259822 images/sec","level":"info"}
{"message":"Speed 7.860783533799951 images/sec","level":"info"}
{"message":"Speed 8.00361078216843 images/sec","level":"info"}
{"message":"Speed 7.950946819217307 images/sec","level":"info"}
{"message":"Speed 7.814127054308432 images/sec","level":"info"}
{"message":"Speed 7.953271833354732 images/sec","level":"info"}
{"message":"Speed 8.09258957883162 images/sec","level":"info"}
{"message":"Speed 8.231051513317981 images/sec","level":"info"}
{"message":"Speed 8.369601799601648 images/sec","level":"info"}
{"message":"Speed 8.37921903223371 images/sec","level":"info"}
{"message":"Speed 8.476746838614869 images/sec","level":"info"}
{"message":"Speed 8.481089874844836 images/sec","level":"info"}
{"message":"Speed 8.615341245756785 images/sec","level":"info"}
{"message":"Speed 8.632934846964323 images/sec","level":"info"}
{"message":"Speed 8.765232791783719 images/sec","level":"info"}
{"message":"Speed 8.71431551204219 images/sec","level":"info"}
{"message":"Speed 8.837431265655061 images/sec","level":"info"}
{"message":"Speed 8.9669207684647 images/sec","level":"info"}
{"message":"Speed 9.092805893911265 images/sec","level":"info"}
{"message":"Speed 9.22243376731723 images/sec","level":"info"}
{"message":"Speed 9.29023648472712 images/sec","level":"info"}
{"message":"Speed 9.379160682805512 images/sec","level":"info"}
{"message":"Speed 9.49772785490736 images/sec","level":"info"}
{"message":"Speed 9.55455597452735 images/sec","level":"info"}
{"message":"Speed 9.681535100332894 images/sec","level":"info"}
{"message":"Speed 9.802635236727339 images/sec","level":"info"}
{"message":"Speed 9.873124700925253 images/sec","level":"info"}
{"message":"Speed 9.99506906552238 images/sec","level":"info"}
{"message":"Speed 9.90196509085551 images/sec","level":"info"}
{"message":"Speed 9.877659230904182 images/sec","level":"info"}
{"message":"Speed 9.999208795532235 images/sec","level":"info"}
{"message":"Speed 10.120935468851675 images/sec","level":"info"}
{"message":"Speed 10.242699241635572 images/sec","level":"info"}
{"message":"Speed 10.364467287168903 images/sec","level":"info"}
{"message":"Speed 10.48621746421859 images/sec","level":"info"}
{"message":"Speed 10.607743524016474 images/sec","level":"info"}
{"message":"Speed 10.729426403269699 images/sec","level":"info"}
{"message":"Speed 10.851059650897078 images/sec","level":"info"}
{"message":"Speed 10.972737633993031 images/sec","level":"info"}
{"message":"Speed 11.094444336483582 images/sec","level":"info"}
{"message":"Speed 11.216154881263053 images/sec","level":"info"}
{"message":"Speed 11.277160514528601 images/sec","level":"info"}
{"message":"Speed 11.382246613424696 images/sec","level":"info"}
{"message":"Speed 11.490827576733224 images/sec","level":"info"}
{"message":"Speed 11.407976262710793 images/sec","level":"info"}
{"message":"Speed 11.523579911971044 images/sec","level":"info"}
{"message":"Speed 11.53696232650747 images/sec","level":"info"}
{"message":"Speed 11.65413655752946 images/sec","level":"info"}
{"message":"Speed 11.731185043773667 images/sec","level":"info"}
{"message":"Speed 11.726025039357506 images/sec","level":"info"}
{"message":"Speed 11.84092704555108 images/sec","level":"info"}
{"message":"Speed 11.919921907226461 images/sec","level":"info"}
{"message":"Speed 12.026792663765686 images/sec","level":"info"}
{"message":"Speed 12.09051326890121 images/sec","level":"info"}
{"message":"Speed 12.202733158940305 images/sec","level":"info"}
{"message":"Speed 12.301301618957819 images/sec","level":"info"}
{"message":"Speed 12.24493046239365 images/sec","level":"info"}
{"message":"Test error log","level":"info"}
{"message":"test","level":"info"}
{"message":"Checking Preqreqs","level":"info"}
{"message":"\rSpeed 0 images/sec","level":"info"}
{"message":"\rSpeed 0.2059409812675999 images/sec","level":"info"}
{"message":"\rSpeed 0.39894384699053864 images/sec","level":"info"}
{"message":"\rSpeed 0.5983321716883748 images/sec","level":"info"}
{"message":"\rSpeed 0.7977284389137864 images/sec","level":"info"}
{"message":"\rSpeed 0.9967887245125472 images/sec","level":"info"}
{"message":"\rSpeed 1.1960721059022208 images/sec","level":"info"}
{"message":"\rSpeed 1.3953738456463873 images/sec","level":"info"}
{"message":"\rSpeed 1.5946656835031803 images/sec","level":"info"}
{"message":"\rSpeed 1.769743392027757 images/sec","level":"info"}
{"message":"\rSpeed 1.9662245377992438 images/sec","level":"info"}
{"message":"\rSpeed 2.1316193241242907 images/sec","level":"info"}
{"message":"\rSpeed 2.3242611321451494 images/sec","level":"info"}
{"message":"\rSpeed 2.495105247912509 images/sec","level":"info"}
{"message":"\rSpeed 2.5547503427326235 images/sec","level":"info"}
{"message":"\rSpeed 2.736973210735936 images/sec","level":"info"}
{"message":"\rSpeed 2.9193245418242104 images/sec","level":"info"}
{"message":"\rSpeed 3.0967429035409864 images/sec","level":"info"}
{"message":"\rSpeed 3.278679355634946 images/sec","level":"info"}
{"message":"\rSpeed 3.45912108998614 images/sec","level":"info"}
{"message":"\rSpeed 3.623903796575257 images/sec","level":"info"}
{"message":"\rSpeed 3.7998119258840863 images/sec","level":"info"}
{"message":"\rSpeed 3.9584172392962977 images/sec","level":"info"}
{"message":"\rSpeed 4.138146967086219 images/sec","level":"info"}
{"message":"\rSpeed 4.282143467450257 images/sec","level":"info"}
{"message":"\rSpeed 4.460238190695986 images/sec","level":"info"}
{"message":"\rSpeed 4.580752597295575 images/sec","level":"info"}
{"message":"\rSpeed 4.756708303887973 images/sec","level":"info"}
{"message":"\rSpeed 4.932766311493487 images/sec","level":"info"}
{"message":"\rSpeed 5.090660803519269 images/sec","level":"info"}
{"message":"\rSpeed 5.261372434155595 images/sec","level":"info"}
{"message":"\rSpeed 5.43298051077691 images/sec","level":"info"}
{"message":"\rSpeed 5.606685198516841 images/sec","level":"info"}
{"message":"\rSpeed 5.751250285561776 images/sec","level":"info"}
{"message":"\rSpeed 5.746553853302866 images/sec","level":"info"}
{"message":"\rSpeed 5.915271887539931 images/sec","level":"info"}
{"message":"\rSpeed 6.000929470963743 images/sec","level":"info"}
{"message":"\rSpeed 6.160671723173519 images/sec","level":"info"}
{"message":"\rSpeed 6.240471203844293 images/sec","level":"info"}
{"message":"\rSpeed 6.321492437518768 images/sec","level":"info"}
{"message":"\rSpeed 6.417178786584939 images/sec","level":"info"}
{"message":"\rSpeed 6.5772272599062225 images/sec","level":"info"}
{"message":"\rSpeed 6.498698611078281 images/sec","level":"info"}
{"message":"\rSpeed 6.653161500782054 images/sec","level":"info"}
{"message":"\rSpeed 6.725719734267884 images/sec","level":"info"}
{"message":"\rSpeed 6.776122364040422 images/sec","level":"info"}
{"message":"\rSpeed 6.919334473169842 images/sec","level":"info"}
{"message":"\rSpeed 7.030306857690925 images/sec","level":"info"}
{"message":"\rSpeed 7.073716932498403 images/sec","level":"info"}
{"message":"\rSpeed 7.195988413862415 images/sec","level":"info"}
{"message":"\rSpeed 7.34244416778141 images/sec","level":"info"}
{"message":"\rSpeed 7.48192312908015 images/sec","level":"info"}
{"message":"\rSpeed 7.4625910978335765 images/sec","level":"info"}
{"message":"\rSpeed 7.596183394769786 images/sec","level":"info"}
{"message":"\rSpeed 7.738667562719532 images/sec","level":"info"}
{"message":"\rSpeed 7.881698601024422 images/sec","level":"info"}
{"message":"\rSpeed 8.024541447083074 images/sec","level":"info"}
{"message":"\rSpeed 8.16757382793894 images/sec","level":"info"}
{"message":"\rSpeed 8.298794542172887 images/sec","level":"info"}
{"message":"\rSpeed 8.439858545739217 images/sec","level":"info"}
{"message":"\rSpeed 8.582572596877924 images/sec","level":"info"}
{"message":"\rSpeed 8.717040418605977 images/sec","level":"info"}
{"message":"\rSpeed 8.856465719608543 images/sec","level":"info"}
{"message":"\rSpeed 8.983106003825162 images/sec","level":"info"}
{"message":"\rSpeed 9.083280464264972 images/sec","level":"info"}
{"message":"\rSpeed 9.218869989930893 images/sec","level":"info"}
{"message":"\rSpeed 9.337227663314252 images/sec","level":"info"}
{"message":"\rSpeed 9.289660863243782 images/sec","level":"info"}
{"message":"\rSpeed 9.427820461593301 images/sec","level":"info"}
{"message":"\rSpeed 9.563278844057812 images/sec","level":"info"}
{"message":"\rSpeed 9.652702453661115 images/sec","level":"info"}
{"message":"\rSpeed 9.77844922284397 images/sec","level":"info"}
{"message":"\rSpeed 9.82320810953079 images/sec","level":"info"}
{"message":"\rSpeed 9.958794157695399 images/sec","level":"info"}
{"message":"\rSpeed 10.09459801675918 images/sec","level":"info"}
{"message":"Test error log","level":"info"}
{"message":"test","level":"info"}
{"message":"Checking Preqreqs","level":"info"}
{"message":"Speed 0 images/sec\r","level":"info"}
{"message":"Speed 0.19769023556363008 images/sec\r","level":"info"}
{"message":"Speed 0.39167184543830125 images/sec\r","level":"info"}
{"message":"Speed 0.5856464485849826 images/sec\r","level":"info"}
{"message":"Speed 0.7730800822917231 images/sec\r","level":"info"}
{"message":"Speed 0.9611172206801888 images/sec\r","level":"info"}
{"message":"Speed 1.1521169837833365 images/sec\r","level":"info"}
{"message":"Speed 1.3293472100146158 images/sec\r","level":"info"}
{"message":"Speed 1.4849268497312094 images/sec\r","level":"info"}
{"message":"Speed 1.670302590625399 images/sec\r","level":"info"}
{"message":"Speed 1.8557998078494116 images/sec\r","level":"info"}
{"message":"Speed 2.0034579432758037 images/sec\r","level":"info"}
{"message":"Speed 2.18510745545697 images/sec\r","level":"info"}
{"message":"Speed 2.3567850963753156 images/sec\r","level":"info"}
{"message":"Speed 2.4387607151742445 images/sec\r","level":"info"}
{"message":"Speed 2.612748631003891 images/sec\r","level":"info"}
{"message":"Speed 2.7866015870193794 images/sec\r","level":"info"}
{"message":"Speed 2.9606213707549465 images/sec\r","level":"info"}
{"message":"Speed 3.134680793333681 images/sec\r","level":"info"}
{"message":"Speed 3.308704319381663 images/sec\r","level":"info"}
{"message":"Speed 3.482591157327648 images/sec\r","level":"info"}
{"message":"Speed 3.621691709205524 images/sec\r","level":"info"}
{"message":"Speed 3.7934277359862656 images/sec\r","level":"info"}
{"message":"Speed 3.928083851808593 images/sec\r","level":"info"}
{"message":"Speed 4.098712921075534 images/sec\r","level":"info"}
{"message":"Speed 4.243446638911849 images/sec\r","level":"info"}
{"message":"Speed 4.404460503536592 images/sec\r","level":"info"}
{"message":"Speed 4.516452778823893 images/sec\r","level":"info"}
{"message":"Speed 4.683441370479372 images/sec\r","level":"info"}
{"message":"Speed 4.849903548554969 images/sec\r","level":"info"}
{"message":"Speed 5.016369253953562 images/sec\r","level":"info"}
{"message":"Speed 5.0316494883640015 images/sec\r","level":"info"}
{"message":"Speed 5.192444872894273 images/sec\r","level":"info"}
{"message":"Speed 5.353242711320978 images/sec\r","level":"info"}
{"message":"Speed 5.514805047170535 images/sec\r","level":"info"}
{"message":"Speed 5.630119197341497 images/sec\r","level":"info"}
{"message":"Speed 5.6218364986121525 images/sec\r","level":"info"}
{"message":"Speed 5.777204760605653 images/sec\r","level":"info"}
{"message":"Speed 5.923813935910683 images/sec\r","level":"info"}
{"message":"Speed 6.079449969078094 images/sec\r","level":"info"}
{"message":"Speed 6.235074864558707 images/sec\r","level":"info"}
{"message":"Speed 6.390752493105963 images/sec\r","level":"info"}
{"message":"Speed 6.546301789936595 images/sec\r","level":"info"}
{"message":"Speed 6.701833455038187 images/sec\r","level":"info"}
{"message":"Speed 6.85164067468358 images/sec\r","level":"info"}
{"message":"Speed 7.006910743384778 images/sec\r","level":"info"}
{"message":"Speed 7.160700211224592 images/sec\r","level":"info"}
{"message":"Speed 7.31398814457579 images/sec\r","level":"info"}
{"message":"Speed 7.4692014817723695 images/sec\r","level":"info"}
{"message":"Speed 7.384377645585626 images/sec\r","level":"info"}
{"message":"Speed 7.5221296352538145 images/sec\r","level":"info"}
{"message":"Speed 7.642574506708096 images/sec\r","level":"info"}
{"message":"Speed 7.782367108339293 images/sec\r","level":"info"}
{"message":"Speed 7.930548921098572 images/sec\r","level":"info"}
{"message":"Speed 8.041670414724193 images/sec\r","level":"info"}
{"message":"Speed 8.110776406077045 images/sec\r","level":"info"}
{"message":"Speed 8.247917794778997 images/sec\r","level":"info"}
{"message":"Speed 8.369447517726375 images/sec\r","level":"info"}
{"message":"Speed 8.498771338122543 images/sec\r","level":"info"}
{"message":"Speed 8.456781166550538 images/sec\r","level":"info"}
{"message":"Speed 8.566959909292379 images/sec\r","level":"info"}
{"message":"Speed 8.709263659233196 images/sec\r","level":"info"}
{"message":"Speed 8.851824356081314 images/sec\r","level":"info"}
{"message":"Speed 8.957340391268275 images/sec\r","level":"info"}
{"message":"Speed 9.099241030684826 images/sec\r","level":"info"}
{"message":"Speed 9.24121096230757 images/sec\r","level":"info"}
{"message":"Speed 9.382236029547228 images/sec\r","level":"info"}
{"message":"Speed 9.496272825808129 images/sec\r","level":"info"}
{"message":"Speed 9.445781294063767 images/sec\r","level":"info"}
{"message":"Speed 9.572011263274119 images/sec\r","level":"info"}
{"message":"Speed 9.654712595121838 images/sec\r","level":"info"}
{"message":"Speed 9.73439705051301 images/sec\r","level":"info"}
{"message":"Speed 9.87105813503588 images/sec\r","level":"info"}
{"message":"Speed 9.96550726475794 images/sec\r","level":"info"}
{"message":"Speed 9.681716650190902 images/sec\r","level":"info"}
{"message":"Speed 9.746009127481386 images/sec\r","level":"info"}
{"message":"Speed 9.870103065749973 images/sec\r","level":"info"}
{"message":"Speed 9.904036665758321 images/sec\r","level":"info"}
{"message":"Speed 9.802982188864512 images/sec\r","level":"info"}
{"message":"Speed 9.902017256766646 images/sec\r","level":"info"}
{"message":"Speed 9.889558240906176 images/sec\r","level":"info"}
{"message":"Speed 9.997859031312355 images/sec\r","level":"info"}
{"message":"Speed 10.107979917987171 images/sec\r","level":"info"}
{"message":"Speed 10.206697494781483 images/sec\r","level":"info"}
{"message":"Speed 10.3229519923486 images/sec\r","level":"info"}
{"message":"Speed 10.427665421842677 images/sec\r","level":"info"}
{"message":"Speed 10.428047728827178 images/sec\r","level":"info"}
{"message":"Speed 10.548955609561924 images/sec\r","level":"info"}
{"message":"Speed 10.663475509815429 images/sec\r","level":"info"}
{"message":"Speed 10.7842661750495 images/sec\r","level":"info"}
{"message":"Speed 10.884905942401165 images/sec\r","level":"info"}
{"message":"Speed 11.005374069162846 images/sec\r","level":"info"}
{"message":"Speed 11.116698429529018 images/sec\r","level":"info"}
